DEB [20220820-12:35:52.062] thr=1   paramiko.transport: starting thread (client mode): 0x3d047eb0
DEB [20220820-12:35:52.062] thr=1   paramiko.transport: Local version/idstring: SSH-2.0-paramiko_2.11.0
DEB [20220820-12:35:52.062] thr=1   paramiko.transport: Remote version/idstring: SSH-1.99-Cisco-1.25
INF [20220820-12:35:52.062] thr=1   paramiko.transport: Connected (version 1.99, client Cisco-1.25)
DEB [20220820-12:35:52.066] thr=1   paramiko.transport: === Key exchange possibilities ===
DEB [20220820-12:35:52.067] thr=1   paramiko.transport: kex algos: ecdh-sha2-nistp256, ecdh-sha2-nistp384, ecdh-sha2-nistp521, diffie-hellman-group14-sha1
DEB [20220820-12:35:52.067] thr=1   paramiko.transport: server key: rsa-sha2-512, rsa-sha2-256, ssh-rsa
DEB [20220820-12:35:52.067] thr=1   paramiko.transport: client encrypt: aes128-gcm, aes256-gcm, aes128-ctr, aes192-ctr, aes256-ctr
DEB [20220820-12:35:52.067] thr=1   paramiko.transport: server encrypt: aes128-gcm, aes256-gcm, aes128-ctr, aes192-ctr, aes256-ctr
DEB [20220820-12:35:52.067] thr=1   paramiko.transport: client mac: hmac-sha2-256-etm@openssh.com, hmac-sha2-512-etm@openssh.com, hmac-sha2-256, hmac-sha2-512
DEB [20220820-12:35:52.067] thr=1   paramiko.transport: server mac: hmac-sha2-256-etm@openssh.com, hmac-sha2-512-etm@openssh.com, hmac-sha2-256, hmac-sha2-512
DEB [20220820-12:35:52.067] thr=1   paramiko.transport: client compress: none
DEB [20220820-12:35:52.067] thr=1   paramiko.transport: server compress: none
DEB [20220820-12:35:52.067] thr=1   paramiko.transport: client lang: <none>
DEB [20220820-12:35:52.067] thr=1   paramiko.transport: server lang: <none>
DEB [20220820-12:35:52.067] thr=1   paramiko.transport: kex follows: False
DEB [20220820-12:35:52.067] thr=1   paramiko.transport: === Key exchange agreements ===
DEB [20220820-12:35:52.067] thr=1   paramiko.transport: Kex: ecdh-sha2-nistp256
DEB [20220820-12:35:52.067] thr=1   paramiko.transport: HostKey: rsa-sha2-512
DEB [20220820-12:35:52.067] thr=1   paramiko.transport: Cipher: aes128-ctr
DEB [20220820-12:35:52.067] thr=1   paramiko.transport: MAC: hmac-sha2-256
DEB [20220820-12:35:52.067] thr=1   paramiko.transport: Compression: none
DEB [20220820-12:35:52.067] thr=1   paramiko.transport: === End of kex handshake ===
DEB [20220820-12:35:52.322] thr=1   paramiko.transport: kex engine KexNistp256 specified hash_algo <built-in function openssl_sha256>
DEB [20220820-12:35:52.323] thr=1   paramiko.transport: Switch to new keys ...
DEB [20220820-12:35:52.323] thr=2   paramiko.transport: Adding ssh-rsa host key for csr1.test.lab: b'fc2522941fd543ac23f3630200956302'
DEB [20220820-12:35:52.324] thr=2   paramiko.transport: Trying SSH agent key b'e963e8e0c36bdfe6a514597d91bd2b44'
DEB [20220820-12:35:52.525] thr=1   paramiko.transport: userauth is OK
DEB [20220820-12:35:52.525] thr=1   paramiko.transport: Finalizing pubkey algorithm for key of type 'ssh-rsa'
DEB [20220820-12:35:52.525] thr=1   paramiko.transport: Our pubkey algorithm list: ['rsa-sha2-512', 'rsa-sha2-256', 'ssh-rsa']
DEB [20220820-12:35:52.525] thr=1   paramiko.transport: Server did not send a server-sig-algs list; defaulting to our first preferred algo ('rsa-sha2-512')
DEB [20220820-12:35:52.525] thr=1   paramiko.transport: NOTE: you may use the 'disabled_algorithms' SSHClient/Transport init kwarg to disable that or other algorithms if your server does not support them!
INF [20220820-12:35:54.543] thr=1   paramiko.transport: Authentication (publickey) failed.
DEB [20220820-12:35:54.543] thr=2   paramiko.transport: Trying SSH agent key b'6ab3e2a250b4c0a329a979409e66f571'
INF [20220820-12:35:54.544] thr=1   paramiko.transport: Disconnect (code 2): Protocol error: expected packet type 50, got 5
DEB [20220820-12:35:54.738] thr=2   paramiko.transport: Trying discovered key b'e963e8e0c36bdfe6a514597d91bd2b44' in /home/evolve/.ssh/id_rsa
DEB [20220820-12:38:10.347] thr=1   paramiko.transport: starting thread (client mode): 0x1447fa0
DEB [20220820-12:38:10.347] thr=1   paramiko.transport: Local version/idstring: SSH-2.0-paramiko_2.11.0
DEB [20220820-12:38:10.348] thr=1   paramiko.transport: Remote version/idstring: SSH-1.99-Cisco-1.25
INF [20220820-12:38:10.348] thr=1   paramiko.transport: Connected (version 1.99, client Cisco-1.25)
DEB [20220820-12:38:10.349] thr=1   paramiko.transport: === Key exchange possibilities ===
DEB [20220820-12:38:10.349] thr=1   paramiko.transport: kex algos: ecdh-sha2-nistp256, ecdh-sha2-nistp384, ecdh-sha2-nistp521, diffie-hellman-group14-sha1
DEB [20220820-12:38:10.349] thr=1   paramiko.transport: server key: rsa-sha2-512, rsa-sha2-256, ssh-rsa
DEB [20220820-12:38:10.350] thr=1   paramiko.transport: client encrypt: aes128-gcm, aes256-gcm, aes128-ctr, aes192-ctr, aes256-ctr
DEB [20220820-12:38:10.350] thr=1   paramiko.transport: server encrypt: aes128-gcm, aes256-gcm, aes128-ctr, aes192-ctr, aes256-ctr
DEB [20220820-12:38:10.350] thr=1   paramiko.transport: client mac: hmac-sha2-256-etm@openssh.com, hmac-sha2-512-etm@openssh.com, hmac-sha2-256, hmac-sha2-512
DEB [20220820-12:38:10.350] thr=1   paramiko.transport: server mac: hmac-sha2-256-etm@openssh.com, hmac-sha2-512-etm@openssh.com, hmac-sha2-256, hmac-sha2-512
DEB [20220820-12:38:10.350] thr=1   paramiko.transport: client compress: none
DEB [20220820-12:38:10.350] thr=1   paramiko.transport: server compress: none
DEB [20220820-12:38:10.350] thr=1   paramiko.transport: client lang: <none>
DEB [20220820-12:38:10.350] thr=1   paramiko.transport: server lang: <none>
DEB [20220820-12:38:10.350] thr=1   paramiko.transport: kex follows: False
DEB [20220820-12:38:10.350] thr=1   paramiko.transport: === Key exchange agreements ===
DEB [20220820-12:38:10.350] thr=1   paramiko.transport: Kex: ecdh-sha2-nistp256
DEB [20220820-12:38:10.350] thr=1   paramiko.transport: HostKey: rsa-sha2-512
DEB [20220820-12:38:10.350] thr=1   paramiko.transport: Cipher: aes128-ctr
DEB [20220820-12:38:10.350] thr=1   paramiko.transport: MAC: hmac-sha2-256
DEB [20220820-12:38:10.350] thr=1   paramiko.transport: Compression: none
DEB [20220820-12:38:10.350] thr=1   paramiko.transport: === End of kex handshake ===
DEB [20220820-12:38:10.631] thr=1   paramiko.transport: kex engine KexNistp256 specified hash_algo <built-in function openssl_sha256>
DEB [20220820-12:38:10.632] thr=1   paramiko.transport: Switch to new keys ...
DEB [20220820-12:38:10.632] thr=2   paramiko.transport: Adding ssh-rsa host key for csr1.test.lab: b'fc2522941fd543ac23f3630200956302'
DEB [20220820-12:38:10.633] thr=2   paramiko.transport: Trying SSH agent key b'e963e8e0c36bdfe6a514597d91bd2b44'
DEB [20220820-12:38:10.834] thr=1   paramiko.transport: userauth is OK
DEB [20220820-12:38:10.834] thr=1   paramiko.transport: Finalizing pubkey algorithm for key of type 'ssh-rsa'
DEB [20220820-12:38:10.834] thr=1   paramiko.transport: Our pubkey algorithm list: ['ssh-rsa']
DEB [20220820-12:38:10.834] thr=1   paramiko.transport: Server did not send a server-sig-algs list; defaulting to our first preferred algo ('ssh-rsa')
DEB [20220820-12:38:10.834] thr=1   paramiko.transport: NOTE: you may use the 'disabled_algorithms' SSHClient/Transport init kwarg to disable that or other algorithms if your server does not support them!
INF [20220820-12:38:10.843] thr=1   paramiko.transport: Authentication (publickey) successful!
DEB [20220820-12:38:10.843] thr=2   paramiko.transport: [chan 0] Max packet in: 32768 bytes
DEB [20220820-12:38:10.844] thr=1   paramiko.transport: [chan 0] Max packet out: 4096 bytes
DEB [20220820-12:38:10.844] thr=1   paramiko.transport: Secsh channel 0 opened.
DEB [20220820-12:38:10.845] thr=1   paramiko.transport: [chan 0] Sesch channel 0 request ok
DEB [20220820-12:38:10.846] thr=1   paramiko.transport: [chan 0] Sesch channel 0 request ok
DEB [20220820-12:39:52.304] thr=1   paramiko.transport: starting thread (client mode): 0xd317ca60
DEB [20220820-12:39:52.305] thr=1   paramiko.transport: Local version/idstring: SSH-2.0-paramiko_2.11.0
DEB [20220820-12:39:52.319] thr=1   paramiko.transport: Remote version/idstring: SSH-1.99-Cisco-1.25
INF [20220820-12:39:52.319] thr=1   paramiko.transport: Connected (version 1.99, client Cisco-1.25)
DEB [20220820-12:39:52.319] thr=1   paramiko.transport: === Key exchange possibilities ===
DEB [20220820-12:39:52.320] thr=1   paramiko.transport: kex algos: ecdh-sha2-nistp256, ecdh-sha2-nistp384, ecdh-sha2-nistp521, diffie-hellman-group14-sha1
DEB [20220820-12:39:52.320] thr=1   paramiko.transport: server key: rsa-sha2-512, rsa-sha2-256, ssh-rsa
DEB [20220820-12:39:52.320] thr=1   paramiko.transport: client encrypt: aes128-gcm, aes256-gcm, aes128-ctr, aes192-ctr, aes256-ctr
DEB [20220820-12:39:52.320] thr=1   paramiko.transport: server encrypt: aes128-gcm, aes256-gcm, aes128-ctr, aes192-ctr, aes256-ctr
DEB [20220820-12:39:52.320] thr=1   paramiko.transport: client mac: hmac-sha2-256-etm@openssh.com, hmac-sha2-512-etm@openssh.com, hmac-sha2-256, hmac-sha2-512
DEB [20220820-12:39:52.320] thr=1   paramiko.transport: server mac: hmac-sha2-256-etm@openssh.com, hmac-sha2-512-etm@openssh.com, hmac-sha2-256, hmac-sha2-512
DEB [20220820-12:39:52.320] thr=1   paramiko.transport: client compress: none
DEB [20220820-12:39:52.320] thr=1   paramiko.transport: server compress: none
DEB [20220820-12:39:52.320] thr=1   paramiko.transport: client lang: <none>
DEB [20220820-12:39:52.320] thr=1   paramiko.transport: server lang: <none>
DEB [20220820-12:39:52.320] thr=1   paramiko.transport: kex follows: False
DEB [20220820-12:39:52.320] thr=1   paramiko.transport: === Key exchange agreements ===
DEB [20220820-12:39:52.320] thr=1   paramiko.transport: Kex: ecdh-sha2-nistp256
DEB [20220820-12:39:52.320] thr=1   paramiko.transport: HostKey: rsa-sha2-512
DEB [20220820-12:39:52.320] thr=1   paramiko.transport: Cipher: aes128-ctr
DEB [20220820-12:39:52.320] thr=1   paramiko.transport: MAC: hmac-sha2-256
DEB [20220820-12:39:52.320] thr=1   paramiko.transport: Compression: none
DEB [20220820-12:39:52.320] thr=1   paramiko.transport: === End of kex handshake ===
DEB [20220820-12:39:52.598] thr=1   paramiko.transport: kex engine KexNistp256 specified hash_algo <built-in function openssl_sha256>
DEB [20220820-12:39:52.598] thr=1   paramiko.transport: Switch to new keys ...
DEB [20220820-12:39:52.599] thr=2   paramiko.transport: Adding ssh-rsa host key for csr1.test.lab: b'fc2522941fd543ac23f3630200956302'
DEB [20220820-12:39:52.599] thr=2   paramiko.transport: Trying SSH key b'e963e8e0c36bdfe6a514597d91bd2b44'
DEB [20220820-12:39:52.801] thr=1   paramiko.transport: userauth is OK
DEB [20220820-12:39:52.801] thr=1   paramiko.transport: Finalizing pubkey algorithm for key of type 'ssh-rsa'
DEB [20220820-12:39:52.801] thr=1   paramiko.transport: Our pubkey algorithm list: ['ssh-rsa']
DEB [20220820-12:39:52.801] thr=1   paramiko.transport: Server did not send a server-sig-algs list; defaulting to our first preferred algo ('ssh-rsa')
DEB [20220820-12:39:52.801] thr=1   paramiko.transport: NOTE: you may use the 'disabled_algorithms' SSHClient/Transport init kwarg to disable that or other algorithms if your server does not support them!
INF [20220820-12:39:52.811] thr=1   paramiko.transport: Authentication (publickey) successful!
DEB [20220820-12:39:52.812] thr=2   paramiko.transport: [chan 0] Max packet in: 32768 bytes
DEB [20220820-12:39:52.813] thr=1   paramiko.transport: [chan 0] Max packet out: 4096 bytes
DEB [20220820-12:39:52.813] thr=1   paramiko.transport: Secsh channel 0 opened.
DEB [20220820-12:39:52.814] thr=1   paramiko.transport: [chan 0] Sesch channel 0 request ok
DEB [20220820-12:39:52.815] thr=1   paramiko.transport: [chan 0] Sesch channel 0 request ok
